<?xml version="1.0" encoding="UTF-8"?>
<!-- Generated by org.testng.reporters.JUnitReportReporter -->
<testsuite hostname="MSI" failures="0" tests="2" name="webdriver.Topic_04_Run_On_Browser" time="6.025" errors="1" timestamp="27 thg 11 2022 03:40:35 GMT" skipped="0">
  <testcase classname="webdriver.Topic_04_Run_On_Browser" name="TC_01_Firefox" time="4.716"/>
  <testcase classname="webdriver.Topic_04_Run_On_Browser" name="TC_02_chrome" time="1.309">
    <error message="session not created: This version of ChromeDriver only supports Chrome version 105
Current browser version is 107.0.5304.121 with binary path C:\Program Files\Google\Chrome\Application\chrome.exe
Build info: version: &#039;3.141.59&#039;, revision: &#039;e82be7d358&#039;, time: &#039;2018-11-14T08:25:53&#039;
System info: host: &#039;MSI&#039;, ip: &#039;192.168.1.8&#039;, os.name: &#039;Windows 11&#039;, os.arch: &#039;amd64&#039;, os.version: &#039;10.0&#039;, java.version: &#039;11.0.15.1&#039;
Driver info: driver.version: ChromeDriver
remote stacktrace: Backtrace:
	Ordinal0 [0x0093DF13+2219795]
	Ordinal0 [0x008D2841+1779777]
	Ordinal0 [0x007E423D+803389]
	Ordinal0 [0x008064AC+943276]
	Ordinal0 [0x008019F0+924144]
	Ordinal0 [0x007FF179+913785]
	Ordinal0 [0x008336B9+1128121]
	Ordinal0 [0x0083331A+1127194]
	Ordinal0 [0x0082E616+1107478]
	Ordinal0 [0x00807F89+950153]
	Ordinal0 [0x00808F56+954198]
	GetHandleVerifier [0x00C32CB2+3040210]
	GetHandleVerifier [0x00C22BB4+2974420]
	GetHandleVerifier [0x009D6A0A+565546]
	GetHandleVerifier [0x009D5680+560544]
	Ordinal0 [0x008D9A5C+1808988]
	Ordinal0 [0x008DE3A8+1827752]
	Ordinal0 [0x008DE495+1827989]
	Ordinal0 [0x008E80A4+1867940]
	BaseThreadInitThunk [0x766F6939+25]
	RtlGetFullPathName_UEx [0x77BD8FD2+1218]
	RtlGetFullPathName_UEx [0x77BD8F9D+1165]
" type="org.openqa.selenium.SessionNotCreatedException">
      <![CDATA[org.openqa.selenium.SessionNotCreatedException: session not created: This version of ChromeDriver only supports Chrome version 105
Current browser version is 107.0.5304.121 with binary path C:\Program Files\Google\Chrome\Application\chrome.exe
Build info: version: '3.141.59', revision: 'e82be7d358', time: '2018-11-14T08:25:53'
System info: host: 'MSI', ip: '192.168.1.8', os.name: 'Windows 11', os.arch: 'amd64', os.version: '10.0', java.version: '11.0.15.1'
Driver info: driver.version: ChromeDriver
remote stacktrace: Backtrace:
Ordinal0 [0x0093DF13+2219795]
Ordinal0 [0x008D2841+1779777]
Ordinal0 [0x007E423D+803389]
Ordinal0 [0x008064AC+943276]
Ordinal0 [0x008019F0+924144]
Ordinal0 [0x007FF179+913785]
Ordinal0 [0x008336B9+1128121]
Ordinal0 [0x0083331A+1127194]
Ordinal0 [0x0082E616+1107478]
Ordinal0 [0x00807F89+950153]
Ordinal0 [0x00808F56+954198]
GetHandleVerifier [0x00C32CB2+3040210]
GetHandleVerifier [0x00C22BB4+2974420]
GetHandleVerifier [0x009D6A0A+565546]
GetHandleVerifier [0x009D5680+560544]
Ordinal0 [0x008D9A5C+1808988]
Ordinal0 [0x008DE3A8+1827752]
Ordinal0 [0x008DE495+1827989]
Ordinal0 [0x008E80A4+1867940]
BaseThreadInitThunk [0x766F6939+25]
RtlGetFullPathName_UEx [0x77BD8FD2+1218]
RtlGetFullPathName_UEx [0x77BD8F9D+1165]

at java.base/jdk.internal.reflect.NativeConstructorAccessorImpl.newInstance0(Native Method)
at java.base/jdk.internal.reflect.NativeConstructorAccessorImpl.newInstance(NativeConstructorAccessorImpl.java:62)
at java.base/jdk.internal.reflect.DelegatingConstructorAccessorImpl.newInstance(DelegatingConstructorAccessorImpl.java:45)
at java.base/java.lang.reflect.Constructor.newInstance(Constructor.java:490)
at org.openqa.selenium.remote.W3CHandshakeResponse.lambda$errorHandler$0(W3CHandshakeResponse.java:62)
at org.openqa.selenium.remote.HandshakeResponse.lambda$getResponseFunction$0(HandshakeResponse.java:30)
at org.openqa.selenium.remote.ProtocolHandshake.lambda$createSession$0(ProtocolHandshake.java:126)
at java.base/java.util.stream.ReferencePipeline$3$1.accept(ReferencePipeline.java:195)
at java.base/java.util.Spliterators$ArraySpliterator.tryAdvance(Spliterators.java:958)
at java.base/java.util.stream.ReferencePipeline.forEachWithCancel(ReferencePipeline.java:127)
at java.base/java.util.stream.AbstractPipeline.copyIntoWithCancel(AbstractPipeline.java:502)
at java.base/java.util.stream.AbstractPipeline.copyInto(AbstractPipeline.java:488)
at java.base/java.util.stream.AbstractPipeline.wrapAndCopyInto(AbstractPipeline.java:474)
at java.base/java.util.stream.FindOps$FindOp.evaluateSequential(FindOps.java:150)
at java.base/java.util.stream.AbstractPipeline.evaluate(AbstractPipeline.java:234)
at java.base/java.util.stream.ReferencePipeline.findFirst(ReferencePipeline.java:543)
at org.openqa.selenium.remote.ProtocolHandshake.createSession(ProtocolHandshake.java:128)
at org.openqa.selenium.remote.ProtocolHandshake.createSession(ProtocolHandshake.java:74)
at org.openqa.selenium.remote.HttpCommandExecutor.execute(HttpCommandExecutor.java:136)
at org.openqa.selenium.remote.service.DriverCommandExecutor.execute(DriverCommandExecutor.java:83)
at org.openqa.selenium.remote.RemoteWebDriver.execute(RemoteWebDriver.java:552)
at org.openqa.selenium.remote.RemoteWebDriver.startSession(RemoteWebDriver.java:213)
at org.openqa.selenium.remote.RemoteWebDriver.<init>(RemoteWebDriver.java:131)
at org.openqa.selenium.chrome.ChromeDriver.<init>(ChromeDriver.java:181)
at org.openqa.selenium.chrome.ChromeDriver.<init>(ChromeDriver.java:168)
at org.openqa.selenium.chrome.ChromeDriver.<init>(ChromeDriver.java:123)
at webdriver.Topic_04_Run_On_Browser.TC_02_chrome(Topic_04_Run_On_Browser.java:34)
at java.base/jdk.internal.reflect.NativeMethodAccessorImpl.invoke0(Native Method)
at java.base/jdk.internal.reflect.NativeMethodAccessorImpl.invoke(NativeMethodAccessorImpl.java:62)
at java.base/jdk.internal.reflect.DelegatingMethodAccessorImpl.invoke(DelegatingMethodAccessorImpl.java:43)
at java.base/java.lang.reflect.Method.invoke(Method.java:566)
at org.testng.internal.MethodInvocationHelper.invokeMethod(MethodInvocationHelper.java:124)
at org.testng.internal.Invoker.invokeMethod(Invoker.java:583)
at org.testng.internal.Invoker.invokeTestMethod(Invoker.java:719)
at org.testng.internal.Invoker.invokeTestMethods(Invoker.java:989)
at org.testng.internal.TestMethodWorker.invokeTestMethods(TestMethodWorker.java:125)
at org.testng.internal.TestMethodWorker.run(TestMethodWorker.java:109)
at org.testng.TestRunner.privateRun(TestRunner.java:648)
at org.testng.TestRunner.run(TestRunner.java:505)
at org.testng.SuiteRunner.runTest(SuiteRunner.java:455)
at org.testng.SuiteRunner.runSequentially(SuiteRunner.java:450)
at org.testng.SuiteRunner.privateRun(SuiteRunner.java:415)
at org.testng.SuiteRunner.run(SuiteRunner.java:364)
at org.testng.SuiteRunnerWorker.runSuite(SuiteRunnerWorker.java:52)
at org.testng.SuiteRunnerWorker.run(SuiteRunnerWorker.java:84)
at org.testng.TestNG.runSuitesSequentially(TestNG.java:1208)
at org.testng.TestNG.runSuitesLocally(TestNG.java:1137)
at org.testng.TestNG.runSuites(TestNG.java:1049)
at org.testng.TestNG.run(TestNG.java:1017)
at org.testng.remote.AbstractRemoteTestNG.run(AbstractRemoteTestNG.java:115)
at org.testng.remote.RemoteTestNG.initAndRun(RemoteTestNG.java:251)
at org.testng.remote.RemoteTestNG.main(RemoteTestNG.java:77)
]]>
    </error>
  </testcase> <!-- TC_02_chrome -->
</testsuite> <!-- webdriver.Topic_04_Run_On_Browser -->
